<?xml version="1.0" encoding="UTF-8"?>
<!-- Generated by org.testng.reporters.JUnitReportReporter -->
<testsuite skipped="0" hostname="DESKTOP-SHFS40Q" name="com.Amazon.TestCases.ScrollIntoViewProduct" tests="2" failures="0" timestamp="2020-06-29T15:34:17 IST" time="28.408" errors="0">
  <testcase name="launchAmazon" time="5.175" classname="com.Amazon.TestCases.ScrollIntoViewProduct"/>
  <system-out/>
  <testcase name="addingToProductCart" time="23.233" classname="com.Amazon.TestCases.ScrollIntoViewProduct"/>
  <system-out/>
</testsuite> <!-- com.Amazon.TestCases.ScrollIntoViewProduct -->
