<?xml version="1.0" encoding="UTF-8"?>
<!-- Generated by org.testng.reporters.JUnitReportReporter -->
<testsuite skipped="0" hostname="DESKTOP-SHFS40Q" name="com.Amazon.TestCases.CreateNewCustomerAccount" tests="1" failures="0" timestamp="2020-06-27T12:35:59 IST" time="27.031" errors="0">
  <testcase name="createNewCustomerAccount" time="27.031" classname="com.Amazon.TestCases.CreateNewCustomerAccount"/>
  <system-out/>
</testsuite> <!-- com.Amazon.TestCases.CreateNewCustomerAccount -->
