<?xml version="1.0" encoding="UTF-8"?>
<!-- Generated by org.testng.reporters.JUnitReportReporter -->
<testsuite skipped="0" hostname="DESKTOP-SHFS40Q" name="com.Amazon.TestCases.LaunchAmazonAndClickSignIn" tests="1" failures="0" timestamp="2020-06-27T15:42:45 IST" time="12.163" errors="0">
  <testcase name="launchAmazonAndClickSignIn" time="12.163" classname="com.Amazon.TestCases.LaunchAmazonAndClickSignIn"/>
  <system-out/>
</testsuite> <!-- com.Amazon.TestCases.LaunchAmazonAndClickSignIn -->
